usage: __main__.py [-h] [--model MODEL] [--eval] [--bits BITS]
                   [--eval_bs EVAL_BS] [--device DEVICE] [--asym]
                   [--dataset DATASET] [--minmax_lr MINMAX_LR] [--seed SEED]
                   [--adam]
                   [--gradient_accumulate_steps GRADIENT_ACCUMULATE_STEPS]
                   [--nblocks NBLOCKS] [--low_gpu_mem_usage] [--format FORMAT]
                   [--data_type DATA_TYPE]
                   [--scale_dtype {fp16,float16,bf16,bfloat16,fp32,float32}]
                   [--tasks [TASKS]] [--output_dir OUTPUT_DIR]
                   [--disable_eval] [--eval_task_by_task] [--disable_amp]
                   [--disable_minmax_tuning] [--enable_norm_bias_tuning]
                   [--disable_trust_remote_code] [--disable_quanted_input]
                   [--quant_lm_head] [--low_cpu_mem_mode {0,1,2}]
                   [--low_cpu_mem_tmp_dir LOW_CPU_MEM_TMP_DIR]
                   [--model_dtype {fp16,float16,bf16,bfloat16,fp32,float32}]
                   [--act_bits ACT_BITS] [--fp_layers FP_LAYERS]
                   [--not_use_best_mse]
                   [--to_quant_block_names TO_QUANT_BLOCK_NAMES]
                   [--enable_torch_compile] [--act_data_type ACT_DATA_TYPE]
                   [--disable_act_dynamic]
                   [--disable_deterministic_algorithms]
                   [--device_map DEVICE_MAP]
                   [--super_group_size SUPER_GROUP_SIZE]
                   [--super_bits SUPER_BITS]
                   [--eval_model_dtype EVAL_MODEL_DTYPE] [--disable_opt_rtn]
                   [--group_size GROUP_SIZE] [--batch_size BATCH_SIZE]
                   [--iters ITERS] [--seqlen SEQLEN] [--nsamples NSAMPLES]
                   [--lr LR]
__main__.py: error: unrecognized arguments: _min
